<?xml version="1.0" encoding="UTF-8"?>
<testsuite xmlns:xsi="http://www.w3.org/2001/XMLSchema-instance" xsi:noNamespaceSchemaLocation="https://maven.apache.org/surefire/maven-surefire-plugin/xsd/surefire-test-report.xsd" name="hr.fer.oprpp1.hw02.prob1.Prob1Test" time="0.011" tests="24" errors="0" skipped="0" failures="0">
  <properties>
[...]
</properties>
  <testcase name="testWordStartingWithEscape" classname="hr.fer.oprpp1.hw02.prob1.Prob1Test" time="0"/>
  <testcase name="testGetReturnsLastNextInExtended" classname="hr.fer.oprpp1.hw02.prob1.Prob1Test" time="0"/>
  <testcase name="testTwoWords" classname="hr.fer.oprpp1.hw02.prob1.Prob1Test" time="0"/>
  <testcase name="testEmpty" classname="hr.fer.oprpp1.hw02.prob1.Prob1Test" time="0"/>
  <testcase name="testSomeSymbols" classname="hr.fer.oprpp1.hw02.prob1.Prob1Test" time="0"/>
  <testcase name="testEmptyInExtended" classname="hr.fer.oprpp1.hw02.prob1.Prob1Test" time="0"/>
  <testcase name="testGetReturnsLastNext" classname="hr.fer.oprpp1.hw02.prob1.Prob1Test" time="0"/>
  <testcase name="testNoActualContent" classname="hr.fer.oprpp1.hw02.prob1.Prob1Test" time="0"/>
  <testcase name="testNoActualContentInExtended" classname="hr.fer.oprpp1.hw02.prob1.Prob1Test" time="0"/>
  <testcase name="testTooBigNumber" classname="hr.fer.oprpp1.hw02.prob1.Prob1Test" time="0.001"/>
  <testcase name="testRadAfterEOF" classname="hr.fer.oprpp1.hw02.prob1.Prob1Test" time="0"/>
  <testcase name="testCombinedInput" classname="hr.fer.oprpp1.hw02.prob1.Prob1Test" time="0.001"/>
  <testcase name="testWordWithManyEscapes" classname="hr.fer.oprpp1.hw02.prob1.Prob1Test" time="0"/>
  <testcase name="testSingleEscapedDigit" classname="hr.fer.oprpp1.hw02.prob1.Prob1Test" time="0"/>
  <testcase name="testInvalidEscape" classname="hr.fer.oprpp1.hw02.prob1.Prob1Test" time="0"/>
  <testcase name="testInvalidEscapeEnding" classname="hr.fer.oprpp1.hw02.prob1.Prob1Test" time="0"/>
  <testcase name="testMultipartInput" classname="hr.fer.oprpp1.hw02.prob1.Prob1Test" time="0"/>
  <testcase name="testRadAfterEOFInExtended" classname="hr.fer.oprpp1.hw02.prob1.Prob1Test" time="0.001"/>
  <testcase name="testNullInput" classname="hr.fer.oprpp1.hw02.prob1.Prob1Test" time="0"/>
  <testcase name="testNullState" classname="hr.fer.oprpp1.hw02.prob1.Prob1Test" time="0.001"/>
  <testcase name="testNotNull" classname="hr.fer.oprpp1.hw02.prob1.Prob1Test" time="0.001"/>
  <testcase name="testTwoNumbers" classname="hr.fer.oprpp1.hw02.prob1.Prob1Test" time="0"/>
  <testcase name="testWordWithManyEscapesAndNumbers" classname="hr.fer.oprpp1.hw02.prob1.Prob1Test" time="0"/>
  <testcase name="testNotNullInExtended" classname="hr.fer.oprpp1.hw02.prob1.Prob1Test" time="0"/>
</testsuite>